<?xml version="1.0" encoding="UTF-8"?>
<!-- Generated by org.testng.reporters.JUnitReportReporter -->
<testsuite hostname="LAPTOP-0C2J6EKH" failures="0" tests="12" name="TestProject2.TestClass" time="10.855" errors="0" timestamp="2024-01-15T17:18:18 IST" skipped="0">
  <testcase classname="TestProject2.TestClass" name="product1" time="1.318"/>
  <testcase classname="TestProject2.TestClass" name="product2" time="0.849"/>
  <testcase classname="TestProject2.TestClass" name="product3" time="0.851"/>
  <testcase classname="TestProject2.TestClass" name="product4" time="0.878"/>
  <testcase classname="TestProject2.TestClass" name="product5" time="0.828"/>
  <testcase classname="TestProject2.TestClass" name="product6" time="0.853"/>
  <testcase classname="TestProject2.TestClass" name="logintest" time="0.180"/>
  <testcase classname="TestProject2.TestClass" name="logouttest" time="0.194"/>
  <testcase classname="TestProject2.TestClass" name="Cartdisplaytest" time="0.239"/>
  <testcase classname="TestProject2.TestClass" name="HomePagedisplayTest" time="0.215"/>
  <testcase classname="TestProject2.TestClass" name="addproductTest" time="0.125"/>
  <testcase classname="TestProject2.TestClass" name="RemoveproductTest" time="4.325"/>
</testsuite> <!-- TestProject2.TestClass -->
